<?xml version="1.0" encoding="UTF-8"?>
<testsuites name="jest tests" tests="9" failures="0" time="5.362">
  <testsuite name="button" errors="0" failures="0" skipped="0" timestamp="2019-07-18T14:54:23" time="2.213" tests="1">
    <testcase classname="button 是个 div" name="button 是个 div" time="0.022">
    </testcase>
  </testsuite>
  <testsuite name="classes" errors="0" failures="0" skipped="0" timestamp="2019-07-18T14:54:23" time="2.489" tests="5">
    <testcase classname="classes 接受 1 个 className" name="classes 接受 1 个 className" time="0.005">
    </testcase>
    <testcase classname="classes 接受 2 个 className" name="classes 接受 2 个 className" time="0">
    </testcase>
    <testcase classname="classes 接受 undefined 结果不会出现 undefined" name="classes 接受 undefined 结果不会出现 undefined" time="0">
    </testcase>
    <testcase classname="classes 接受各种奇怪值" name="classes 接受各种奇怪值" time="0.009">
    </testcase>
    <testcase classname="classes 接受 0 个参数" name="classes 接受 0 个参数" time="0">
    </testcase>
  </testsuite>
  <testsuite name="我的第一个测试用例" errors="0" failures="0" skipped="0" timestamp="2019-07-18T14:54:25" time="0.369" tests="1">
    <testcase classname="我的第一个测试用例 1 等于 1" name="我的第一个测试用例 1 等于 1" time="0.002">
    </testcase>
  </testsuite>
  <testsuite name="icon" errors="0" failures="0" skipped="0" timestamp="2019-07-18T14:54:23" time="2.643" tests="2">
    <testcase classname="icon render successfully" name="icon render successfully" time="0.013">
    </testcase>
    <testcase classname="icon onClick" name="icon onClick" time="0.033">
    </testcase>
  </testsuite>
</testsuites>